<rlcfp:cell=all;
CELL CONFIGURATION FREQUENCY DATA

CELL
G12345

CHGR   SCTYPE    SDCCH   SDCCHAC   TN   CBCH     HSN   HOP  DCHNO
 0                4       0        1    YES      41    ON    657
                                                             682
                                                             709
                                                             743

CELL
G34877

CHGR   SCTYPE    SDCCH   SDCCHAC   TN   CBCH     HSN   HOP  DCHNO
 0                5       0        1    YES      39    OFF   636
                                   2                         688
                                                             711
                                                             729

CELL
JLNT2

CHGR   SCTYPE    SDCCH   SDCCHAC   TN   CBCH     HSN   HOP  DCHNO
 0                3       0        1    YES      15    ON    645
                                   2                         699
                                   3                         718
                                                             722

CELL
G12346

CHGR   SCTYPE    SDCCH   SDCCHAC   TN   CBCH     HSN   HOP  DCHNO
 0                1       0        1    YES      22    OFF    64
 1                2       0        1    NO       45    ON     23
                                                              54
                                                              56
                                                              60

CELL
JLNE_3

CHGR   SCTYPE    SDCCH   SDCCHAC   TN   CBCH     HSN   HOP  DCHNO
 0                1       0        1    YES      22    OFF    70
 1                3       0        1    NO       35    ON     19
                                                              23
                                                              53
                                                              55
                                                              57
                                                              60
                                                              70
                                                              80
                                                             124
 2                3       0        3    NO       40    ON     19
                                   4                          23
                                   5                          53
                                                              55
                                                              57
                                                              60
                                                              70
                                                              80
                                                             124
                                                              12
                                                              63
                                                              75
                                                              87
                                                              90
                                                              89
                                                              78
                                                              11
                                                              33
                                                              43
                                                              45
                                                              77
                                                             100
                                                              65
                                                              81
                                                              15
                                                              25
                                                              59
                                                              48
                                                              72
                                                              34
                                                              17
                                                              29
 3                3       0        3    NO       40    ON     19
                                   4                          23
                                   5                          
 4                3       0        1    NO       40    ON     19
                                                              23
                                                              53
 5                1       0        3    NO       40    ON     19
                                                              23
 6                3       0        1    NO       40    ON     19
                                   2                          23
                                                              53
                                                              55
 8                3       0        2    NO       40    ON     19
                                                              23
                                                              
CELL
G34491

CHGR   SCTYPE    SDCCH   SDCCHAC   TN   CBCH     HSN   HOP  DCHNO
 0                1       0        1    YES      22    OFF    68
 1                1       0        1    NO       30    ON     20
                                                              22
                                                              62

CELL
G34543

CHGR   SCTYPE    SDCCH   SDCCHAC   TN   CBCH     HSN   HOP  DCHNO
 0                1       0        3    YES      22    OFF    71
	                               4	
CELL
G34397

CHGR   SCTYPE    SDCCH   SDCCHAC   TN   CBCH     HSN   HOP  DCHNO
 0                4       0        1    YES      27    ON    657
                                                             686
                                                             702
                                                             713
                                                             719
                                                             740

END